<?xml version="1.0" encoding="UTF-8"?>
<<<<<<< HEAD
<testsuite xmlns:xsi="http://www.w3.org/2001/XMLSchema-instance" xsi:noNamespaceSchemaLocation="https://maven.apache.org/surefire/maven-surefire-plugin/xsd/surefire-test-report-3.0.xsd" version="3.0" name="edu.brown.cs.testing.TestingParseSearch" time="0.616" tests="17" errors="0" skipped="0" failures="0">
=======
<testsuite xmlns:xsi="http://www.w3.org/2001/XMLSchema-instance" xsi:noNamespaceSchemaLocation="https://maven.apache.org/surefire/maven-surefire-plugin/xsd/surefire-test-report-3.0.xsd" version="3.0" name="edu.brown.cs.testing.TestingParseSearch" time="0.905" tests="17" errors="0" skipped="0" failures="0">
>>>>>>> 2fb94e8d7cb3c735491826968cd287a511d25c75
  <properties>
    <property name="java.specification.version" value="17"/>
    <property name="sun.jnu.encoding" value="UTF-8"/>
    <property name="java.class.path" value="/Users/jeffreytao/Desktop/server-bkaravan-jtao25/target/test-classes:/Users/jeffreytao/Desktop/server-bkaravan-jtao25/target/classes:/Users/jeffreytao/.m2/repository/com/squareup/moshi/moshi/1.13.0/moshi-1.13.0.jar:/Users/jeffreytao/.m2/repository/com/squareup/okio/okio/2.10.0/okio-2.10.0.jar:/Users/jeffreytao/.m2/repository/org/jetbrains/kotlin/kotlin-stdlib/1.4.20/kotlin-stdlib-1.4.20.jar:/Users/jeffreytao/.m2/repository/org/jetbrains/annotations/13.0/annotations-13.0.jar:/Users/jeffreytao/.m2/repository/org/jetbrains/kotlin/kotlin-stdlib-common/1.4.20/kotlin-stdlib-common-1.4.20.jar:/Users/jeffreytao/.m2/repository/org/jetbrains/kotlin/kotlin-stdlib-jdk8/1.6.0/kotlin-stdlib-jdk8-1.6.0.jar:/Users/jeffreytao/.m2/repository/org/jetbrains/kotlin/kotlin-stdlib-jdk7/1.6.0/kotlin-stdlib-jdk7-1.6.0.jar:/Users/jeffreytao/.m2/repository/com/squareup/moshi/moshi-adapters/1.13.0/moshi-adapters-1.13.0.jar:/Users/jeffreytao/.m2/repository/com/sparkjava/spark-core/2.9.3/spark-core-2.9.3.jar:/Users/jeffreytao/.m2/repository/org/slf4j/slf4j-api/1.7.25/slf4j-api-1.7.25.jar:/Users/jeffreytao/.m2/repository/org/eclipse/jetty/jetty-server/9.4.31.v20200723/jetty-server-9.4.31.v20200723.jar:/Users/jeffreytao/.m2/repository/javax/servlet/javax.servlet-api/3.1.0/javax.servlet-api-3.1.0.jar:/Users/jeffreytao/.m2/repository/org/eclipse/jetty/jetty-http/9.4.31.v20200723/jetty-http-9.4.31.v20200723.jar:/Users/jeffreytao/.m2/repository/org/eclipse/jetty/jetty-util/9.4.31.v20200723/jetty-util-9.4.31.v20200723.jar:/Users/jeffreytao/.m2/repository/org/eclipse/jetty/jetty-io/9.4.31.v20200723/jetty-io-9.4.31.v20200723.jar:/Users/jeffreytao/.m2/repository/org/eclipse/jetty/jetty-webapp/9.4.31.v20200723/jetty-webapp-9.4.31.v20200723.jar:/Users/jeffreytao/.m2/repository/org/eclipse/jetty/jetty-xml/9.4.31.v20200723/jetty-xml-9.4.31.v20200723.jar:/Users/jeffreytao/.m2/repository/org/eclipse/jetty/jetty-servlet/9.4.31.v20200723/jetty-servlet-9.4.31.v20200723.jar:/Users/jeffreytao/.m2/repository/org/eclipse/jetty/jetty-security/9.4.31.v20200723/jetty-security-9.4.31.v20200723.jar:/Users/jeffreytao/.m2/repository/org/eclipse/jetty/websocket/websocket-server/9.4.31.v20200723/websocket-server-9.4.31.v20200723.jar:/Users/jeffreytao/.m2/repository/org/eclipse/jetty/websocket/websocket-common/9.4.31.v20200723/websocket-common-9.4.31.v20200723.jar:/Users/jeffreytao/.m2/repository/org/eclipse/jetty/websocket/websocket-client/9.4.31.v20200723/websocket-client-9.4.31.v20200723.jar:/Users/jeffreytao/.m2/repository/org/eclipse/jetty/jetty-client/9.4.31.v20200723/jetty-client-9.4.31.v20200723.jar:/Users/jeffreytao/.m2/repository/org/eclipse/jetty/websocket/websocket-servlet/9.4.31.v20200723/websocket-servlet-9.4.31.v20200723.jar:/Users/jeffreytao/.m2/repository/org/eclipse/jetty/websocket/websocket-api/9.4.31.v20200723/websocket-api-9.4.31.v20200723.jar:/Users/jeffreytao/.m2/repository/org/testng/testng/7.8.0/testng-7.8.0.jar:/Users/jeffreytao/.m2/repository/com/beust/jcommander/1.82/jcommander-1.82.jar:/Users/jeffreytao/.m2/repository/org/webjars/jquery/3.6.1/jquery-3.6.1.jar:/Users/jeffreytao/.m2/repository/org/junit/jupiter/junit-jupiter-engine/5.4.0/junit-jupiter-engine-5.4.0.jar:/Users/jeffreytao/.m2/repository/org/apiguardian/apiguardian-api/1.0.0/apiguardian-api-1.0.0.jar:/Users/jeffreytao/.m2/repository/org/junit/platform/junit-platform-engine/1.4.0/junit-platform-engine-1.4.0.jar:/Users/jeffreytao/.m2/repository/org/opentest4j/opentest4j/1.1.1/opentest4j-1.1.1.jar:/Users/jeffreytao/.m2/repository/org/junit/platform/junit-platform-commons/1.4.0/junit-platform-commons-1.4.0.jar:/Users/jeffreytao/.m2/repository/org/junit/jupiter/junit-jupiter-api/5.4.0/junit-jupiter-api-5.4.0.jar:"/>
    <property name="java.vm.vendor" value="Homebrew"/>
    <property name="sun.arch.data.model" value="64"/>
    <property name="java.vendor.url" value="https://github.com/Homebrew/homebrew-core/issues"/>
    <property name="os.name" value="Mac OS X"/>
    <property name="java.vm.specification.version" value="17"/>
    <property name="sun.java.launcher" value="SUN_STANDARD"/>
    <property name="user.country" value="US"/>
<<<<<<< HEAD
    <property name="sun.boot.library.path" value="C:\Users\karav\.jdks\openjdk-17\jdk-17.0.8\bin"/>
    <property name="sun.java.command" value="C:\Users\karav\AppData\Local\Temp\surefire3492742513556932284\surefirebooter-20230929184432612_3.jar C:\Users\karav\AppData\Local\Temp\surefire3492742513556932284 2023-09-29T18-44-32_222-jvmRun1 surefire-20230929184432612_1tmp surefire_0-20230929184432612_2tmp"/>
=======
    <property name="sun.boot.library.path" value="/usr/local/Cellar/openjdk@17/17.0.8.1/libexec/openjdk.jdk/Contents/Home/lib"/>
    <property name="sun.java.command" value="/Users/jeffreytao/Desktop/server-bkaravan-jtao25/target/surefire/surefirebooter-20230926165817783_3.jar /Users/jeffreytao/Desktop/server-bkaravan-jtao25/target/surefire 2023-09-26T16-58-16_890-jvmRun1 surefire-20230926165817783_1tmp surefire_0-20230926165817783_2tmp"/>
    <property name="http.nonProxyHosts" value="local|*.local|169.254/16|*.169.254/16"/>
>>>>>>> 2fb94e8d7cb3c735491826968cd287a511d25c75
    <property name="jdk.debug" value="release"/>
    <property name="surefire.test.class.path" value="/Users/jeffreytao/Desktop/server-bkaravan-jtao25/target/test-classes:/Users/jeffreytao/Desktop/server-bkaravan-jtao25/target/classes:/Users/jeffreytao/.m2/repository/com/squareup/moshi/moshi/1.13.0/moshi-1.13.0.jar:/Users/jeffreytao/.m2/repository/com/squareup/okio/okio/2.10.0/okio-2.10.0.jar:/Users/jeffreytao/.m2/repository/org/jetbrains/kotlin/kotlin-stdlib/1.4.20/kotlin-stdlib-1.4.20.jar:/Users/jeffreytao/.m2/repository/org/jetbrains/annotations/13.0/annotations-13.0.jar:/Users/jeffreytao/.m2/repository/org/jetbrains/kotlin/kotlin-stdlib-common/1.4.20/kotlin-stdlib-common-1.4.20.jar:/Users/jeffreytao/.m2/repository/org/jetbrains/kotlin/kotlin-stdlib-jdk8/1.6.0/kotlin-stdlib-jdk8-1.6.0.jar:/Users/jeffreytao/.m2/repository/org/jetbrains/kotlin/kotlin-stdlib-jdk7/1.6.0/kotlin-stdlib-jdk7-1.6.0.jar:/Users/jeffreytao/.m2/repository/com/squareup/moshi/moshi-adapters/1.13.0/moshi-adapters-1.13.0.jar:/Users/jeffreytao/.m2/repository/com/sparkjava/spark-core/2.9.3/spark-core-2.9.3.jar:/Users/jeffreytao/.m2/repository/org/slf4j/slf4j-api/1.7.25/slf4j-api-1.7.25.jar:/Users/jeffreytao/.m2/repository/org/eclipse/jetty/jetty-server/9.4.31.v20200723/jetty-server-9.4.31.v20200723.jar:/Users/jeffreytao/.m2/repository/javax/servlet/javax.servlet-api/3.1.0/javax.servlet-api-3.1.0.jar:/Users/jeffreytao/.m2/repository/org/eclipse/jetty/jetty-http/9.4.31.v20200723/jetty-http-9.4.31.v20200723.jar:/Users/jeffreytao/.m2/repository/org/eclipse/jetty/jetty-util/9.4.31.v20200723/jetty-util-9.4.31.v20200723.jar:/Users/jeffreytao/.m2/repository/org/eclipse/jetty/jetty-io/9.4.31.v20200723/jetty-io-9.4.31.v20200723.jar:/Users/jeffreytao/.m2/repository/org/eclipse/jetty/jetty-webapp/9.4.31.v20200723/jetty-webapp-9.4.31.v20200723.jar:/Users/jeffreytao/.m2/repository/org/eclipse/jetty/jetty-xml/9.4.31.v20200723/jetty-xml-9.4.31.v20200723.jar:/Users/jeffreytao/.m2/repository/org/eclipse/jetty/jetty-servlet/9.4.31.v20200723/jetty-servlet-9.4.31.v20200723.jar:/Users/jeffreytao/.m2/repository/org/eclipse/jetty/jetty-security/9.4.31.v20200723/jetty-security-9.4.31.v20200723.jar:/Users/jeffreytao/.m2/repository/org/eclipse/jetty/websocket/websocket-server/9.4.31.v20200723/websocket-server-9.4.31.v20200723.jar:/Users/jeffreytao/.m2/repository/org/eclipse/jetty/websocket/websocket-common/9.4.31.v20200723/websocket-common-9.4.31.v20200723.jar:/Users/jeffreytao/.m2/repository/org/eclipse/jetty/websocket/websocket-client/9.4.31.v20200723/websocket-client-9.4.31.v20200723.jar:/Users/jeffreytao/.m2/repository/org/eclipse/jetty/jetty-client/9.4.31.v20200723/jetty-client-9.4.31.v20200723.jar:/Users/jeffreytao/.m2/repository/org/eclipse/jetty/websocket/websocket-servlet/9.4.31.v20200723/websocket-servlet-9.4.31.v20200723.jar:/Users/jeffreytao/.m2/repository/org/eclipse/jetty/websocket/websocket-api/9.4.31.v20200723/websocket-api-9.4.31.v20200723.jar:/Users/jeffreytao/.m2/repository/org/testng/testng/7.8.0/testng-7.8.0.jar:/Users/jeffreytao/.m2/repository/com/beust/jcommander/1.82/jcommander-1.82.jar:/Users/jeffreytao/.m2/repository/org/webjars/jquery/3.6.1/jquery-3.6.1.jar:/Users/jeffreytao/.m2/repository/org/junit/jupiter/junit-jupiter-engine/5.4.0/junit-jupiter-engine-5.4.0.jar:/Users/jeffreytao/.m2/repository/org/apiguardian/apiguardian-api/1.0.0/apiguardian-api-1.0.0.jar:/Users/jeffreytao/.m2/repository/org/junit/platform/junit-platform-engine/1.4.0/junit-platform-engine-1.4.0.jar:/Users/jeffreytao/.m2/repository/org/opentest4j/opentest4j/1.1.1/opentest4j-1.1.1.jar:/Users/jeffreytao/.m2/repository/org/junit/platform/junit-platform-commons/1.4.0/junit-platform-commons-1.4.0.jar:/Users/jeffreytao/.m2/repository/org/junit/jupiter/junit-jupiter-api/5.4.0/junit-jupiter-api-5.4.0.jar:"/>
    <property name="sun.cpu.endian" value="little"/>
    <property name="user.home" value="/Users/jeffreytao"/>
    <property name="user.language" value="en"/>
    <property name="java.specification.vendor" value="Oracle Corporation"/>
    <property name="java.version.date" value="2023-08-24"/>
    <property name="java.home" value="/usr/local/Cellar/openjdk@17/17.0.8.1/libexec/openjdk.jdk/Contents/Home"/>
    <property name="file.separator" value="/"/>
    <property name="basedir" value="/Users/jeffreytao/Desktop/server-bkaravan-jtao25"/>
    <property name="java.vm.compressedOopsMode" value="Zero based"/>
    <property name="line.separator" value="&#10;"/>
    <property name="java.specification.name" value="Java Platform API Specification"/>
<<<<<<< HEAD
    <property name="surefire.real.class.path" value="C:\Users\karav\AppData\Local\Temp\surefire3492742513556932284\surefirebooter-20230929184432612_3.jar"/>
    <property name="user.script" value=""/>
=======
    <property name="java.vm.specification.vendor" value="Oracle Corporation"/>
    <property name="surefire.real.class.path" value="/Users/jeffreytao/Desktop/server-bkaravan-jtao25/target/surefire/surefirebooter-20230926165817783_3.jar"/>
>>>>>>> 2fb94e8d7cb3c735491826968cd287a511d25c75
    <property name="sun.management.compiler" value="HotSpot 64-Bit Tiered Compilers"/>
    <property name="ftp.nonProxyHosts" value="local|*.local|169.254/16|*.169.254/16"/>
    <property name="java.runtime.version" value="17.0.8.1+0"/>
    <property name="user.name" value="jeffreytao"/>
    <property name="path.separator" value=":"/>
    <property name="os.version" value="13.5.1"/>
    <property name="java.runtime.name" value="OpenJDK Runtime Environment"/>
    <property name="file.encoding" value="UTF-8"/>
    <property name="java.vm.name" value="OpenJDK 64-Bit Server VM"/>
    <property name="java.vendor.version" value="Homebrew"/>
    <property name="localRepository" value="/Users/jeffreytao/.m2/repository"/>
    <property name="java.vendor.url.bug" value="https://github.com/Homebrew/homebrew-core/issues"/>
    <property name="java.io.tmpdir" value="/var/folders/zs/mgvvghc95mdbb9y1rly2hpm80000gn/T/"/>
    <property name="java.version" value="17.0.8.1"/>
    <property name="user.dir" value="/Users/jeffreytao/Desktop/server-bkaravan-jtao25"/>
    <property name="os.arch" value="x86_64"/>
    <property name="java.vm.specification.name" value="Java Virtual Machine Specification"/>
    <property name="native.encoding" value="UTF-8"/>
    <property name="java.library.path" value="/Users/jeffreytao/Library/Java/Extensions:/Library/Java/Extensions:/Network/Library/Java/Extensions:/System/Library/Java/Extensions:/usr/lib/java:."/>
    <property name="java.vm.info" value="mixed mode, sharing"/>
    <property name="java.vendor" value="Homebrew"/>
    <property name="java.vm.version" value="17.0.8.1+0"/>
    <property name="sun.io.unicode.encoding" value="UnicodeBig"/>
    <property name="socksNonProxyHosts" value="local|*.local|169.254/16|*.169.254/16"/>
    <property name="java.class.version" value="61.0"/>
  </properties>
<<<<<<< HEAD
  <testcase name="parseBigFile" classname="edu.brown.cs.testing.TestingParseSearch" time="0.079"/>
  <testcase name="searchFoundNoNarrowNoHeader" classname="edu.brown.cs.testing.TestingParseSearch" time="0.002"/>
  <testcase name="searchFoundNarrowHeader" classname="edu.brown.cs.testing.TestingParseSearch" time="0.001"/>
  <testcase name="parseDifferentGeneric" classname="edu.brown.cs.testing.TestingParseSearch" time="0.017"/>
  <testcase name="parseCheckDataset" classname="edu.brown.cs.testing.TestingParseSearch" time="0.006"/>
  <testcase name="searchNotFoundWrongNarrow" classname="edu.brown.cs.testing.TestingParseSearch" time="0.002"/>
  <testcase name="searchFoundNarrowNoHeader" classname="edu.brown.cs.testing.TestingParseSearch" time="0"/>
  <testcase name="searchWithMistake" classname="edu.brown.cs.testing.TestingParseSearch" time="0.001"/>
  <testcase name="testDoubleQuotesCommas" classname="edu.brown.cs.testing.TestingParseSearch" time="0.01"/>
  <testcase name="parseFileReaderWithFactoryFailure" classname="edu.brown.cs.testing.TestingParseSearch" time="0.008">
=======
  <testcase name="parseBigFile" classname="edu.brown.cs.testing.TestingParseSearch" time="0.049"/>
  <testcase name="searchFoundNoNarrowNoHeader" classname="edu.brown.cs.testing.TestingParseSearch" time="0.002"/>
  <testcase name="searchFoundNarrowHeader" classname="edu.brown.cs.testing.TestingParseSearch" time="0.002"/>
  <testcase name="parseDifferentGeneric" classname="edu.brown.cs.testing.TestingParseSearch" time="0.019"/>
  <testcase name="parseCheckDataset" classname="edu.brown.cs.testing.TestingParseSearch" time="0.01"/>
  <testcase name="searchNotFoundWrongNarrow" classname="edu.brown.cs.testing.TestingParseSearch" time="0.001"/>
  <testcase name="searchFoundNarrowNoHeader" classname="edu.brown.cs.testing.TestingParseSearch" time="0.001"/>
  <testcase name="searchWithMistake" classname="edu.brown.cs.testing.TestingParseSearch" time="0.002"/>
  <testcase name="testDoubleQuotesCommas" classname="edu.brown.cs.testing.TestingParseSearch" time="0.013"/>
  <testcase name="parseFileReaderWithFactoryFailure" classname="edu.brown.cs.testing.TestingParseSearch" time="0.005">
>>>>>>> 2fb94e8d7cb3c735491826968cd287a511d25c75
    <system-out><![CDATA[Row with index 2 was not processed. Error: edu.brown.cs.student.main.rowhandler.FactoryFailureException: Your row contains an empty entry
Row with index 3 was not processed. Error: edu.brown.cs.student.main.rowhandler.FactoryFailureException: Your row contains an empty entry
Row with index 4 was not processed. Error: edu.brown.cs.student.main.rowhandler.FactoryFailureException: Your row contains an empty entry
Row with index 10 was not processed. Error: edu.brown.cs.student.main.rowhandler.FactoryFailureException: Your row contains an empty entry
]]></system-out>
  </testcase>
  <testcase name="searchNotFoundNoNarrowNoHeader" classname="edu.brown.cs.testing.TestingParseSearch" time="0.001"/>
  <testcase name="searchFoundNoNarrowHeader" classname="edu.brown.cs.testing.TestingParseSearch" time="0.001"/>
  <testcase name="testQuotesWithCommasFullLine" classname="edu.brown.cs.testing.TestingParseSearch" time="0.001"/>
<<<<<<< HEAD
  <testcase name="fileNotFoundTest" classname="edu.brown.cs.testing.TestingParseSearch" time="0.003"/>
  <testcase name="searchFoundIndexWithHeader" classname="edu.brown.cs.testing.TestingParseSearch" time="0.442"/>
  <testcase name="searchHeaderDuplicate" classname="edu.brown.cs.testing.TestingParseSearch" time="0.001"/>
  <testcase name="parseStringReader" classname="edu.brown.cs.testing.TestingParseSearch" time="0"/>
=======
  <testcase name="fileNotFoundTest" classname="edu.brown.cs.testing.TestingParseSearch" time="0.001"/>
  <testcase name="searchFoundIndexWithHeader" classname="edu.brown.cs.testing.TestingParseSearch" time="0.766"/>
  <testcase name="searchHeaderDuplicate" classname="edu.brown.cs.testing.TestingParseSearch" time="0.001"/>
  <testcase name="parseStringReader" classname="edu.brown.cs.testing.TestingParseSearch" time="0.001"/>
>>>>>>> 2fb94e8d7cb3c735491826968cd287a511d25c75
</testsuite>